▲ Next.js 16.2.4 (Turbopack)
- Local:         http://localhost:3006
- Network:       http://192.168.100.36:3006
- Environments: .env.local
✓ Ready in 822ms
- Experiments (use with caution):
  · serverActions

 GET /login 200 in 1613ms (next.js: 392ms, proxy.ts: 500ms, application-code: 721ms)
 GET /portal-login 200 in 326ms (next.js: 75ms, proxy.ts: 16ms, application-code: 234ms)
 GET /portal 200 in 3.6s (next.js: 1513ms, proxy.ts: 1444ms, application-code: 654ms)
 GET /icons/icon-192.png 404 in 388ms (next.js: 173ms, application-code: 215ms)
 GET /portal/content 200 in 1399ms (next.js: 242ms, proxy.ts: 205ms, application-code: 952ms)
 GET /icons/icon-192.png 404 in 100ms (next.js: 14ms, application-code: 87ms)
 GET /portal 200 in 277ms (next.js: 10ms, proxy.ts: 225ms, application-code: 42ms)
 GET /icons/icon-192.png 404 in 110ms (next.js: 14ms, application-code: 96ms)
 GET /portal/content 200 in 559ms (next.js: 10ms, proxy.ts: 114ms, application-code: 435ms)
 GET /icons/icon-192.png 404 in 115ms (next.js: 16ms, application-code: 99ms)
 GET /portal/onboarding 404 in 177ms (next.js: 19ms, proxy.ts: 116ms, application-code: 42ms)
 GET /portal/onboarding 404 in 221ms (next.js: 20ms, proxy.ts: 119ms, application-code: 82ms)
 GET /icons/icon-192.png 404 in 107ms (next.js: 12ms, application-code: 95ms)
 GET /dashboard 200 in 1532ms (next.js: 182ms, proxy.ts: 111ms, application-code: 1239ms)
 GET /icons/icon-192.png 404 in 115ms (next.js: 15ms, application-code: 100ms)
 GET /login 307 in 497ms (next.js: 12ms, proxy.ts: 178ms, application-code: 306ms)
 GET /dashboard 200 in 1883ms (next.js: 12ms, proxy.ts: 112ms, application-code: 1760ms)
 GET /icons/icon-192.png 404 in 128ms (next.js: 10ms, application-code: 118ms)
 GET /settings 200 in 1694ms (next.js: 1233ms, proxy.ts: 147ms, application-code: 314ms)
 GET /icons/icon-192.png 404 in 92ms (next.js: 11ms, application-code: 81ms)
 GET /icons/icon-192.png 404 in 283ms (next.js: 14ms, application-code: 269ms)
 GET /dashboard 200 in 817ms (next.js: 12ms, proxy.ts: 171ms, application-code: 634ms)
 GET /activity 200 in 1944ms (next.js: 1246ms, proxy.ts: 151ms, application-code: 547ms)
 GET /icons/icon-192.png 404 in 92ms (next.js: 13ms, application-code: 78ms)
 GET / 200 in 515ms (next.js: 93ms, proxy.ts: 315ms, application-code: 107ms)
 GET /icons/icon-192.png 404 in 107ms (next.js: 10ms, application-code: 97ms)
 GET /login 200 in 319ms (next.js: 12ms, proxy.ts: 115ms, application-code: 192ms)
 GET /icons/icon-192.png 404 in 810ms (next.js: 14ms, application-code: 796ms)
 GET /dashboard 200 in 1669ms (next.js: 14ms, proxy.ts: 123ms, application-code: 1532ms)
 GET /dashboard 200 in 1991ms (next.js: 106ms, proxy.ts: 635ms, application-code: 1250ms)
 GET /icons/icon-192.png 404 in 203ms (next.js: 27ms, application-code: 176ms)
 GET /settings 200 in 473ms (next.js: 9ms, proxy.ts: 168ms, application-code: 296ms)
 GET /icons/icon-192.png 404 in 89ms (next.js: 12ms, application-code: 77ms)
 GET /settings/clients 200 in 388ms (next.js: 78ms, proxy.ts: 113ms, application-code: 196ms)
 GET /icons/icon-192.png 404 in 84ms (next.js: 13ms, application-code: 70ms)
 GET /settings/clients/06db46ed-33c0-47dd-9544-b9da761e5c54 200 in 1657ms (next.js: 1053ms, proxy.ts: 112ms, application-code: 491ms)
 GET /icons/icon-192.png 404 in 89ms (next.js: 12ms, application-code: 77ms)
 GET /settings/clients 200 in 776ms (next.js: 17ms, proxy.ts: 113ms, application-code: 646ms)
 POST /settings/clients/06db46ed-33c0-47dd-9544-b9da761e5c54 303 in 1170ms (next.js: 34ms, proxy.ts: 122ms, application-code: 1014ms)
  └─ ƒ deleteClientAction({}) in 171ms src/lib/clients/actions.ts
 GET /icons/icon-192.png 404 in 88ms (next.js: 14ms, application-code: 74ms)
 GET /settings/clients/4a91f636-7e37-4887-bac3-59ca5c5d9c54 200 in 613ms (next.js: 33ms, proxy.ts: 112ms, application-code: 469ms)
 GET /icons/icon-192.png 404 in 83ms (next.js: 11ms, application-code: 72ms)
 POST /settings/clients/4a91f636-7e37-4887-bac3-59ca5c5d9c54 200 in 3.0s (next.js: 35ms, proxy.ts: 169ms, application-code: 2.7s)
  └─ ƒ generateContentPlanAction({}) in 1911ms src/lib/clients/actions.ts
 GET /icons/icon-192.png 404 in 92ms (next.js: 12ms, application-code: 80ms)
 GET /settings/clients 200 in 932ms (next.js: 8ms, proxy.ts: 111ms, application-code: 812ms)
 POST /settings/clients/4a91f636-7e37-4887-bac3-59ca5c5d9c54 303 in 1325ms (next.js: 36ms, proxy.ts: 173ms, application-code: 1116ms)
  └─ ƒ deleteClientAction({}) in 141ms src/lib/clients/actions.ts
 GET /icons/icon-192.png 404 in 92ms (next.js: 13ms, application-code: 79ms)
 GET /settings/clients/4774feee-1b85-4179-b927-649b81de4a06 200 in 867ms (next.js: 35ms, proxy.ts: 108ms, application-code: 725ms)
 POST /settings/clients 303 in 1206ms (next.js: 9ms, proxy.ts: 166ms, application-code: 1031ms)
  └─ ƒ createClientAction({}) in 128ms src/lib/clients/actions.ts
 GET /icons/icon-192.png 404 in 95ms (next.js: 12ms, application-code: 83ms)
 POST /settings/clients/4774feee-1b85-4179-b927-649b81de4a06 200 in 1589ms (next.js: 56ms, proxy.ts: 292ms, application-code: 1242ms)
  └─ ƒ generateClientPortalTokenAction({}) in 256ms src/lib/clients/actions.ts
 GET /icons/icon-192.png 404 in 120ms (next.js: 18ms, application-code: 102ms)
 POST /settings/clients/4774feee-1b85-4179-b927-649b81de4a06 200 in 1177ms (next.js: 38ms, proxy.ts: 162ms, application-code: 977ms)
  └─ ƒ updateClientAction({}) in 120ms src/lib/clients/actions.ts
 GET /icons/icon-192.png 404 in 128ms (next.js: 41ms, application-code: 86ms)
 POST /settings/clients/4774feee-1b85-4179-b927-649b81de4a06 200 in 1107ms (next.js: 32ms, proxy.ts: 155ms, application-code: 920ms)
  └─ ƒ generateClientPortalTokenAction({}) in 100ms src/lib/clients/actions.ts
 GET /icons/icon-192.png 404 in 96ms (next.js: 13ms, application-code: 84ms)
 POST /settings/clients/4774feee-1b85-4179-b927-649b81de4a06 200 in 1457ms (next.js: 33ms, proxy.ts: 110ms, application-code: 1313ms)
  └─ ƒ inviteClientAction({"ok":false}, {}) in 579ms src/lib/clients/actions.ts
 GET /icons/icon-192.png 404 in 111ms (next.js: 13ms, application-code: 99ms)
 GET /auth/confirm?token_hash=350b49c7fe8bfc8b6f3d18d32f1625f79e55339051e56f9be18dcc5f&type=recovery&next=%2Fauth%2Fset-password 307 in 1295ms (next.js: 1022ms, proxy.ts: 13ms, application-code: 260ms)
 GET /auth/set-password 200 in 2.1s (next.js: 1758ms, proxy.ts: 110ms, application-code: 222ms)
 GET /dashboard 200 in 770ms (next.js: 10ms, proxy.ts: 167ms, application-code: 593ms)
 GET /portal 200 in 316ms (next.js: 11ms, proxy.ts: 115ms, application-code: 191ms)
 GET /portal 200 in 315ms (next.js: 9ms, proxy.ts: 115ms, application-code: 190ms)
 GET /portal/content 200 in 589ms (next.js: 10ms, proxy.ts: 117ms, application-code: 463ms)
 POST /portal/content 200 in 1850ms (next.js: 19ms, proxy.ts: 191ms, application-code: 1641ms)
  └─ ƒ portalCreateContentAction({"ok":false}, {}) in 987ms src/lib/portal/actions.ts
 GET /my-work 200 in 2.0s (next.js: 1225ms, proxy.ts: 320ms, application-code: 465ms)
 GET /icons/icon-192.png 404 in 100ms (next.js: 13ms, application-code: 87ms)
 GET /activity 200 in 2.0s (next.js: 15ms, proxy.ts: 373ms, application-code: 1639ms)
 GET /icons/icon-192.png 404 in 117ms (next.js: 13ms, application-code: 104ms)
 GET /content 200 in 727ms (next.js: 118ms, proxy.ts: 181ms, application-code: 428ms)
 GET /icons/icon-192.png 404 in 112ms (next.js: 22ms, application-code: 90ms)
 GET /content/board 200 in 458ms (next.js: 104ms, proxy.ts: 113ms, application-code: 241ms)
 GET /icons/icon-192.png 404 in 98ms (next.js: 12ms, application-code: 86ms)
 GET /content/ca99c282-6cf2-4050-b651-ef9e7d21e860 200 in 1850ms (next.js: 1241ms, proxy.ts: 111ms, application-code: 497ms)
 GET /icons/icon-192.png 404 in 94ms (next.js: 12ms, application-code: 82ms)
 GET /content 200 in 386ms (next.js: 8ms, proxy.ts: 110ms, application-code: 268ms)
 GET /icons/icon-192.png 404 in 92ms (next.js: 13ms, application-code: 79ms)
 GET /content/board 200 in 333ms (next.js: 9ms, proxy.ts: 122ms, application-code: 203ms)
 GET /icons/icon-192.png 404 in 102ms (next.js: 12ms, application-code: 90ms)
 GET /content/ca99c282-6cf2-4050-b651-ef9e7d21e860 200 in 497ms (next.js: 24ms, proxy.ts: 107ms, application-code: 365ms)
 GET /icons/icon-192.png 404 in 98ms (next.js: 17ms, application-code: 82ms)
 POST /content/ca99c282-6cf2-4050-b651-ef9e7d21e860 200 in 1750ms (next.js: 40ms, proxy.ts: 423ms, application-code: 1287ms)
  └─ ƒ updateContentPostAction({}) in 388ms src/lib/content/actions.ts
 GET /icons/icon-192.png 404 in 98ms (next.js: 18ms, application-code: 80ms)
 POST /content/ca99c282-6cf2-4050-b651-ef9e7d21e860 200 in 2.4s (next.js: 40ms, proxy.ts: 168ms, application-code: 2.2s)
  └─ ƒ submitDraftAction({}) in 1449ms src/lib/content/actions.ts
 GET /icons/icon-192.png 404 in 87ms (next.js: 14ms, application-code: 73ms)
 GET /portal/content 200 in 934ms (next.js: 10ms, proxy.ts: 166ms, application-code: 758ms)
 POST /portal/content 200 in 2.4s (next.js: 10ms, proxy.ts: 453ms, application-code: 1940ms)
  └─ ƒ portalApproveAction({}) in 1307ms src/lib/portal/actions.ts
 GET /content/ca99c282-6cf2-4050-b651-ef9e7d21e860 200 in 3.7s (next.js: 45ms, proxy.ts: 545ms, application-code: 3.1s)
 GET /icons/icon-192.png 404 in 228ms (next.js: 26ms, application-code: 202ms)
 GET /dashboard 200 in 829ms (next.js: 11ms, proxy.ts: 238ms, application-code: 579ms)
 GET /icons/icon-192.png 404 in 99ms (next.js: 15ms, application-code: 84ms)
 GET /content/calendar 200 in 509ms (next.js: 103ms, proxy.ts: 171ms, application-code: 235ms)
 GET /icons/icon-192.png 404 in 95ms (next.js: 12ms, application-code: 83ms)
 GET /content 200 in 544ms (next.js: 9ms, proxy.ts: 218ms, application-code: 318ms)
 GET /icons/icon-192.png 404 in 98ms (next.js: 13ms, application-code: 85ms)
 GET /content/board 200 in 357ms (next.js: 9ms, proxy.ts: 119ms, application-code: 229ms)
 GET /icons/icon-192.png 404 in 130ms (next.js: 19ms, application-code: 111ms)
 GET /content/ca99c282-6cf2-4050-b651-ef9e7d21e860 200 in 582ms (next.js: 34ms, proxy.ts: 125ms, application-code: 423ms)
 GET /icons/icon-192.png 404 in 88ms (next.js: 13ms, application-code: 76ms)
 POST /content/ca99c282-6cf2-4050-b651-ef9e7d21e860 200 in 1137ms (next.js: 32ms, proxy.ts: 175ms, application-code: 930ms)
  └─ ƒ updateContentPostAction({}) in 132ms src/lib/content/actions.ts
 GET /icons/icon-192.png 404 in 110ms (next.js: 12ms, application-code: 98ms)
 GET /content 200 in 429ms (next.js: 9ms, proxy.ts: 150ms, application-code: 271ms)
 GET /icons/icon-192.png 404 in 90ms (next.js: 13ms, application-code: 77ms)
 GET /content/calendar 200 in 333ms (next.js: 9ms, proxy.ts: 117ms, application-code: 207ms)
 GET /icons/icon-192.png 404 in 101ms (next.js: 12ms, application-code: 90ms)
 GET /content/ca99c282-6cf2-4050-b651-ef9e7d21e860 200 in 644ms (next.js: 31ms, proxy.ts: 217ms, application-code: 396ms)
 GET /icons/icon-192.png 404 in 87ms (next.js: 12ms, application-code: 75ms)
 GET /content 200 in 396ms (next.js: 9ms, proxy.ts: 114ms, application-code: 273ms)
 GET /icons/icon-192.png 404 in 85ms (next.js: 12ms, application-code: 73ms)
 GET /content/calendar 200 in 390ms (next.js: 10ms, proxy.ts: 111ms, application-code: 268ms)
 GET /icons/icon-192.png 404 in 117ms (next.js: 16ms, application-code: 100ms)
 GET /content 200 in 438ms (next.js: 8ms, proxy.ts: 163ms, application-code: 266ms)
 GET /icons/icon-192.png 404 in 89ms (next.js: 13ms, application-code: 76ms)
 GET /content/ca99c282-6cf2-4050-b651-ef9e7d21e860 200 in 718ms (next.js: 35ms, proxy.ts: 165ms, application-code: 518ms)
 GET /content/ca99c282-6cf2-4050-b651-ef9e7d21e860 200 in 592ms (next.js: 15ms, proxy.ts: 156ms, application-code: 421ms)
 GET /icons/icon-192.png 404 in 82ms (next.js: 11ms, application-code: 70ms)
 POST /content/ca99c282-6cf2-4050-b651-ef9e7d21e860 200 in 998ms (next.js: 32ms, proxy.ts: 115ms, application-code: 852ms)
  └─ ƒ setContentStatusAction({}) in 101ms src/lib/content/actions.ts
 GET /icons/icon-192.png 404 in 91ms (next.js: 12ms, application-code: 79ms)
 POST /content/ca99c282-6cf2-4050-b651-ef9e7d21e860 200 in 964ms (next.js: 35ms, proxy.ts: 115ms, application-code: 814ms)
  └─ ƒ setContentStatusAction({}) in 106ms src/lib/content/actions.ts
 GET /icons/icon-192.png 404 in 92ms (next.js: 13ms, application-code: 79ms)
[?25h
